<?xml version="1.0" encoding="UTF-8"?>
<testsuite xmlns:xsi="http://www.w3.org/2001/XMLSchema-instance" xsi:noNamespaceSchemaLocation="https://maven.apache.org/surefire/maven-surefire-plugin/xsd/surefire-test-report-3.0.xsd" version="3.0" name="runTest.RunTest" time="10.374" tests="6" errors="0" skipped="3" failures="0">
  <properties>
[...]
</properties>
  <testcase name="Validar o login na aplicação" classname="Checkout" time="5.111">
    <system-out><![CDATA[
@smokeTest @checkout
&amp#27;[1mCenário:&amp#27;[22m Validar o login na aplicação                                             &amp#27;[90m# classpath:features/checkout.feature:20&amp#27;[39m
  &amp#27;[32m✔&amp#27;[39m &amp#27;[32m&amp#27;[1mDado &amp#27;[22mque o cliente esteja na tela de login&amp#27;[39m                                    &amp#27;[90m# outsera.web.steps.LoginStep.estiverNaTelaLogin()&amp#27;[39m
  &amp#27;[32m✔&amp#27;[39m &amp#27;[32m&amp#27;[1mE &amp#27;[22minserir os dados do usuário&amp#27;[39m                                                 &amp#27;[90m# outsera.web.steps.LoginStep.inserirOsDadosDoUsuario(io.cucumber.datatable.DataTable)&amp#27;[39m
      | usuario       | senha        |
      | standard_user | secret_sauce |
  &amp#27;[32m✔&amp#27;[39m &amp#27;[32m&amp#27;[1mE &amp#27;[22madicionar um produto no carrinho&amp#27;[39m                                            &amp#27;[90m# outsera.web.steps.HomeStep.adicionarUmProdutoNoCarrinho()&amp#27;[39m
  &amp#27;[32m✔&amp#27;[39m &amp#27;[32m&amp#27;[1mQuando &amp#27;[22mrealizar o checkout&amp#27;[39m                                                    &amp#27;[90m# outsera.web.steps.CheckoutStep.realizarCheckout()&amp#27;[39m
  &amp#27;[32m✔&amp#27;[39m &amp#27;[32m&amp#27;[1mEntão &amp#27;[22mdeve validar mensagem de compra com sucesso &amp#27;[1m"Thank you for your order!"&amp#27;[22m&amp#27;[39m &amp#27;[90m# outsera.web.steps.CheckoutStep.deveValidarCompraComSucesso(java.lang.String)&amp#27;[39m

        &amp#27;[34mEmbedding Validar o login na aplicação [image/png 22482 bytes]&amp#27;[39m

]]></system-out>
    <system-err><![CDATA[SLF4J(W): No SLF4J providers were found.
SLF4J(W): Defaulting to no-operation (NOP) logger implementation
SLF4J(W): See https://www.slf4j.org/codes.html#noProviders for further details.
]]></system-err>
  </testcase>
  <testcase name="Validar o login na aplicação" classname="Login" time="2.257">
    <system-out><![CDATA[
@smokeTest @loginAplicacao
&amp#27;[1mCenário:&amp#27;[22m Validar o login na aplicação          &amp#27;[90m# classpath:features/login.feature:17&amp#27;[39m
  &amp#27;[32m✔&amp#27;[39m &amp#27;[32m&amp#27;[1mDado &amp#27;[22mque o cliente esteja na tela de login&amp#27;[39m &amp#27;[90m# outsera.web.steps.LoginStep.estiverNaTelaLogin()&amp#27;[39m
  &amp#27;[32m✔&amp#27;[39m &amp#27;[32m&amp#27;[1mQuando &amp#27;[22minserir os dados do usuário&amp#27;[39m         &amp#27;[90m# outsera.web.steps.LoginStep.inserirOsDadosDoUsuario(io.cucumber.datatable.DataTable)&amp#27;[39m
      | usuario       | senha        |
      | standard_user | secret_sauce |
  &amp#27;[32m✔&amp#27;[39m &amp#27;[32m&amp#27;[1mEntão &amp#27;[22mdeve realizar o login com sucesso&amp#27;[39m    &amp#27;[90m# outsera.web.steps.HomeStep.devoVisualizarATelaDeLogin()&amp#27;[39m

        &amp#27;[34mEmbedding Validar o login na aplicação [image/png 53853 bytes]&amp#27;[39m

]]></system-out>
  </testcase>
  <testcase name="Example #1.1" classname="Exemplos" time="0.0">
    <skipped message="&apos;cucumber.filter.tags=@smokeTest&apos; did not match this scenario"/>
  </testcase>
  <testcase name="Example #1.2" classname="Exemplos" time="0.0">
    <skipped message="&apos;cucumber.filter.tags=@smokeTest&apos; did not match this scenario"/>
  </testcase>
  <testcase name="Example #1.3" classname="Exemplos" time="0.0">
    <skipped message="&apos;cucumber.filter.tags=@smokeTest&apos; did not match this scenario"/>
  </testcase>
  <testcase name="Validar o logout na aplicação" classname="Logout" time="2.554">
    <system-out><![CDATA[
@logout @smokeTest @logout
&amp#27;[1mCenário:&amp#27;[22m Validar o logout na aplicação         &amp#27;[90m# classpath:features/logout.feature:21&amp#27;[39m
  &amp#27;[32m✔&amp#27;[39m &amp#27;[32m&amp#27;[1mDado &amp#27;[22mque o cliente esteja na tela de login&amp#27;[39m &amp#27;[90m# outsera.web.steps.LoginStep.estiverNaTelaLogin()&amp#27;[39m
  &amp#27;[32m✔&amp#27;[39m &amp#27;[32m&amp#27;[1mQuando &amp#27;[22minserir os dados do usuário&amp#27;[39m         &amp#27;[90m# outsera.web.steps.LoginStep.inserirOsDadosDoUsuario(io.cucumber.datatable.DataTable)&amp#27;[39m
      | usuario       | senha        |
      | standard_user | secret_sauce |
  &amp#27;[32m✔&amp#27;[39m &amp#27;[32m&amp#27;[1mQuando &amp#27;[22mrealizar o logout&amp#27;[39m                   &amp#27;[90m# outsera.web.steps.HomeStep.realizarLogout()&amp#27;[39m
  &amp#27;[32m✔&amp#27;[39m &amp#27;[32m&amp#27;[1mEntão &amp#27;[22mdevo realizar o logout com sucesso&amp#27;[39m   &amp#27;[90m# outsera.web.steps.LoginStep.devoVisualizarATelaDeLogin()&amp#27;[39m

        &amp#27;[34mEmbedding Validar o logout na aplicação [image/png 15420 bytes]&amp#27;[39m

]]></system-out>
  </testcase>
</testsuite>